{"C:\\Users\\jim\\Desktop\\Node.js\\node1\\products\\index.js": {"path":"C:\\Users\\jim\\Desktop\\Node.js\\node1\\products\\index.js","statementMap":{"0":{"start":{"line":1,"column":30},"end":{"line":1,"column":49}},"1":{"start":{"line":2,"column":16},"end":{"line":2,"column":34}},"2":{"start":{"line":3,"column":12},"end":{"line":3,"column":21}},"3":{"start":{"line":4,"column":18},"end":{"line":4,"column":47}},"4":{"start":{"line":5,"column":24},"end":{"line":5,"column":44}},"5":{"start":{"line":6,"column":13},"end":{"line":6,"column":28}},"6":{"start":{"line":8,"column":0},"end":{"line":15,"column":2}},"7":{"start":{"line":10,"column":4},"end":{"line":10,"column":53}},"8":{"start":{"line":13,"column":4},"end":{"line":13,"column":48}},"9":{"start":{"line":17,"column":0},"end":{"line":17,"column":72}},"10":{"start":{"line":19,"column":0},"end":{"line":19,"column":24}},"11":{"start":{"line":20,"column":0},"end":{"line":20,"column":48}},"12":{"start":{"line":21,"column":0},"end":{"line":21,"column":38}},"13":{"start":{"line":22,"column":0},"end":{"line":27,"column":2}},"14":{"start":{"line":29,"column":13},"end":{"line":29,"column":44}},"15":{"start":{"line":30,"column":0},"end":{"line":30,"column":28}},"16":{"start":{"line":32,"column":20},"end":{"line":32,"column":59}},"17":{"start":{"line":33,"column":0},"end":{"line":33,"column":42}},"18":{"start":{"line":35,"column":16},"end":{"line":35,"column":50}},"19":{"start":{"line":36,"column":0},"end":{"line":36,"column":34}},"20":{"start":{"line":38,"column":0},"end":{"line":38,"column":21}}},"fnMap":{"0":{"name":"(anonymous_0)","decl":{"start":{"line":9,"column":2},"end":{"line":9,"column":3}},"loc":{"start":{"line":9,"column":8},"end":{"line":11,"column":3}},"line":9},"1":{"name":"(anonymous_1)","decl":{"start":{"line":12,"column":2},"end":{"line":12,"column":3}},"loc":{"start":{"line":12,"column":11},"end":{"line":14,"column":3}},"line":12}},"branchMap":{},"s":{"0":3,"1":3,"2":3,"3":3,"4":3,"5":3,"6":3,"7":3,"8":0,"9":3,"10":3,"11":3,"12":3,"13":3,"14":3,"15":3,"16":3,"17":3,"18":3,"19":3,"20":3},"f":{"0":3,"1":0},"b":{},"_coverageSchema":"1a1c01bbd47fc00a2c39e90264f33305004495a9","hash":"571e0ec6dc03651a836e6632662f7ea33bc50610"}
,"C:\\Users\\jim\\Desktop\\Node.js\\node1\\products\\swagger.js": {"path":"C:\\Users\\jim\\Desktop\\Node.js\\node1\\products\\swagger.js","statementMap":{"0":{"start":{"line":1,"column":12},"end":{"line":1,"column":42}},"1":{"start":{"line":2,"column":13},"end":{"line":2,"column":43}},"2":{"start":{"line":3,"column":16},"end":{"line":3,"column":49}},"3":{"start":{"line":4,"column":18},"end":{"line":4,"column":49}},"4":{"start":{"line":5,"column":21},"end":{"line":5,"column":39}},"5":{"start":{"line":7,"column":0},"end":{"line":475,"column":2}},"6":{"start":{"line":477,"column":0},"end":{"line":477,"column":33}}},"fnMap":{},"branchMap":{},"s":{"0":3,"1":3,"2":3,"3":3,"4":3,"5":3,"6":3},"f":{},"b":{},"_coverageSchema":"1a1c01bbd47fc00a2c39e90264f33305004495a9","hash":"4417d41fb777e5c559bddceca18a7d7e47fcab90"}
,"C:\\Users\\jim\\Desktop\\Node.js\\node1\\products\\controllers\\product.controller.js": {"path":"C:\\Users\\jim\\Desktop\\Node.js\\node1\\products\\controllers\\product.controller.js","statementMap":{"0":{"start":{"line":1,"column":16},"end":{"line":1,"column":50}},"1":{"start":{"line":3,"column":0},"end":{"line":12,"column":2}},"2":{"start":{"line":4,"column":2},"end":{"line":4,"column":35}},"3":{"start":{"line":6,"column":2},"end":{"line":11,"column":3}},"4":{"start":{"line":7,"column":19},"end":{"line":7,"column":39}},"5":{"start":{"line":8,"column":4},"end":{"line":8,"column":45}},"6":{"start":{"line":10,"column":4},"end":{"line":10,"column":43}},"7":{"start":{"line":14,"column":0},"end":{"line":24,"column":2}},"8":{"start":{"line":15,"column":18},"end":{"line":15,"column":55}},"9":{"start":{"line":16,"column":2},"end":{"line":16,"column":56}},"10":{"start":{"line":18,"column":2},"end":{"line":23,"column":3}},"11":{"start":{"line":19,"column":19},"end":{"line":19,"column":62}},"12":{"start":{"line":20,"column":4},"end":{"line":20,"column":45}},"13":{"start":{"line":22,"column":4},"end":{"line":22,"column":43}},"14":{"start":{"line":26,"column":0},"end":{"line":43,"column":2}},"15":{"start":{"line":27,"column":51},"end":{"line":27,"column":59}},"16":{"start":{"line":28,"column":2},"end":{"line":28,"column":46}},"17":{"start":{"line":30,"column":2},"end":{"line":42,"column":3}},"18":{"start":{"line":31,"column":23},"end":{"line":36,"column":6}},"19":{"start":{"line":38,"column":19},"end":{"line":38,"column":42}},"20":{"start":{"line":39,"column":4},"end":{"line":39,"column":45}},"21":{"start":{"line":41,"column":4},"end":{"line":41,"column":43}},"22":{"start":{"line":45,"column":0},"end":{"line":69,"column":2}},"23":{"start":{"line":46,"column":51},"end":{"line":46,"column":59}},"24":{"start":{"line":47,"column":20},"end":{"line":47,"column":33}},"25":{"start":{"line":48,"column":2},"end":{"line":48,"column":56}},"26":{"start":{"line":50,"column":2},"end":{"line":68,"column":3}},"27":{"start":{"line":51,"column":26},"end":{"line":60,"column":5}},"28":{"start":{"line":62,"column":4},"end":{"line":64,"column":5}},"29":{"start":{"line":63,"column":6},"end":{"line":63,"column":71}},"30":{"start":{"line":65,"column":4},"end":{"line":65,"column":52}},"31":{"start":{"line":67,"column":4},"end":{"line":67,"column":43}},"32":{"start":{"line":71,"column":0},"end":{"line":84,"column":2}},"33":{"start":{"line":72,"column":20},"end":{"line":72,"column":33}},"34":{"start":{"line":73,"column":2},"end":{"line":73,"column":48}},"35":{"start":{"line":75,"column":2},"end":{"line":83,"column":3}},"36":{"start":{"line":76,"column":26},"end":{"line":76,"column":68}},"37":{"start":{"line":77,"column":4},"end":{"line":79,"column":5}},"38":{"start":{"line":78,"column":6},"end":{"line":78,"column":71}},"39":{"start":{"line":80,"column":4},"end":{"line":80,"column":52}},"40":{"start":{"line":82,"column":4},"end":{"line":82,"column":43}}},"fnMap":{"0":{"name":"(anonymous_0)","decl":{"start":{"line":3,"column":26},"end":{"line":3,"column":27}},"loc":{"start":{"line":3,"column":46},"end":{"line":12,"column":1}},"line":3},"1":{"name":"(anonymous_1)","decl":{"start":{"line":14,"column":25},"end":{"line":14,"column":26}},"loc":{"start":{"line":14,"column":45},"end":{"line":24,"column":1}},"line":14},"2":{"name":"(anonymous_2)","decl":{"start":{"line":26,"column":24},"end":{"line":26,"column":25}},"loc":{"start":{"line":26,"column":44},"end":{"line":43,"column":1}},"line":26},"3":{"name":"(anonymous_3)","decl":{"start":{"line":45,"column":24},"end":{"line":45,"column":25}},"loc":{"start":{"line":45,"column":44},"end":{"line":69,"column":1}},"line":45},"4":{"name":"(anonymous_4)","decl":{"start":{"line":71,"column":24},"end":{"line":71,"column":25}},"loc":{"start":{"line":71,"column":44},"end":{"line":84,"column":1}},"line":71}},"branchMap":{"0":{"loc":{"start":{"line":54,"column":12},"end":{"line":54,"column":34}},"type":"binary-expr","locations":[{"start":{"line":54,"column":12},"end":{"line":54,"column":19}},{"start":{"line":54,"column":23},"end":{"line":54,"column":34}}],"line":54},"1":{"loc":{"start":{"line":55,"column":12},"end":{"line":55,"column":28}},"type":"binary-expr","locations":[{"start":{"line":55,"column":12},"end":{"line":55,"column":16}},{"start":{"line":55,"column":20},"end":{"line":55,"column":28}}],"line":55},"2":{"loc":{"start":{"line":56,"column":12},"end":{"line":56,"column":42}},"type":"binary-expr","locations":[{"start":{"line":56,"column":12},"end":{"line":56,"column":23}},{"start":{"line":56,"column":27},"end":{"line":56,"column":42}}],"line":56},"3":{"loc":{"start":{"line":57,"column":12},"end":{"line":57,"column":36}},"type":"binary-expr","locations":[{"start":{"line":57,"column":12},"end":{"line":57,"column":20}},{"start":{"line":57,"column":24},"end":{"line":57,"column":36}}],"line":57},"4":{"loc":{"start":{"line":62,"column":4},"end":{"line":64,"column":5}},"type":"if","locations":[{"start":{"line":62,"column":4},"end":{"line":64,"column":5}},{"start":{},"end":{}}],"line":62},"5":{"loc":{"start":{"line":77,"column":4},"end":{"line":79,"column":5}},"type":"if","locations":[{"start":{"line":77,"column":4},"end":{"line":79,"column":5}},{"start":{},"end":{}}],"line":77}},"s":{"0":3,"1":3,"2":1,"3":1,"4":1,"5":1,"6":0,"7":3,"8":1,"9":1,"10":1,"11":1,"12":1,"13":0,"14":3,"15":1,"16":1,"17":1,"18":1,"19":1,"20":1,"21":0,"22":3,"23":1,"24":1,"25":1,"26":1,"27":1,"28":1,"29":0,"30":1,"31":0,"32":3,"33":1,"34":1,"35":1,"36":1,"37":1,"38":0,"39":1,"40":0},"f":{"0":1,"1":1,"2":1,"3":1,"4":1},"b":{"0":[1,1],"1":[1,1],"2":[1,1],"3":[1,1],"4":[0,1],"5":[0,1]},"_coverageSchema":"1a1c01bbd47fc00a2c39e90264f33305004495a9","hash":"e42d223c3b2d4d7fb06c309e676c2c4b0fe674e4"}
,"C:\\Users\\jim\\Desktop\\Node.js\\node1\\products\\controllers\\user.controller.js": {"path":"C:\\Users\\jim\\Desktop\\Node.js\\node1\\products\\controllers\\user.controller.js","statementMap":{"0":{"start":{"line":1,"column":13},"end":{"line":1,"column":44}},"1":{"start":{"line":4,"column":0},"end":{"line":15,"column":2}},"2":{"start":{"line":5,"column":2},"end":{"line":5,"column":32}},"3":{"start":{"line":7,"column":2},"end":{"line":14,"column":3}},"4":{"start":{"line":8,"column":19},"end":{"line":8,"column":36}},"5":{"start":{"line":10,"column":4},"end":{"line":10,"column":45}},"6":{"start":{"line":13,"column":4},"end":{"line":13,"column":43}},"7":{"start":{"line":17,"column":0},"end":{"line":27,"column":2}},"8":{"start":{"line":18,"column":19},"end":{"line":18,"column":38}},"9":{"start":{"line":19,"column":2},"end":{"line":19,"column":54}},"10":{"start":{"line":21,"column":2},"end":{"line":26,"column":3}},"11":{"start":{"line":22,"column":19},"end":{"line":22,"column":61}},"12":{"start":{"line":23,"column":4},"end":{"line":23,"column":45}},"13":{"start":{"line":25,"column":4},"end":{"line":25,"column":43}},"14":{"start":{"line":29,"column":0},"end":{"line":50,"column":2}},"15":{"start":{"line":30,"column":18},"end":{"line":40,"column":4}},"16":{"start":{"line":42,"column":2},"end":{"line":42,"column":63}},"17":{"start":{"line":44,"column":2},"end":{"line":49,"column":3}},"18":{"start":{"line":45,"column":19},"end":{"line":45,"column":39}},"19":{"start":{"line":46,"column":4},"end":{"line":46,"column":45}},"20":{"start":{"line":48,"column":4},"end":{"line":48,"column":43}},"21":{"start":{"line":52,"column":0},"end":{"line":76,"column":2}},"22":{"start":{"line":53,"column":19},"end":{"line":53,"column":38}},"23":{"start":{"line":54,"column":2},"end":{"line":54,"column":55}},"24":{"start":{"line":56,"column":21},"end":{"line":64,"column":3}},"25":{"start":{"line":66,"column":2},"end":{"line":75,"column":3}},"26":{"start":{"line":67,"column":19},"end":{"line":71,"column":5}},"27":{"start":{"line":72,"column":4},"end":{"line":72,"column":45}},"28":{"start":{"line":74,"column":4},"end":{"line":74,"column":45}},"29":{"start":{"line":78,"column":0},"end":{"line":88,"column":2}},"30":{"start":{"line":79,"column":19},"end":{"line":79,"column":38}},"31":{"start":{"line":80,"column":2},"end":{"line":80,"column":54}},"32":{"start":{"line":82,"column":2},"end":{"line":87,"column":3}},"33":{"start":{"line":83,"column":19},"end":{"line":83,"column":70}},"34":{"start":{"line":84,"column":4},"end":{"line":84,"column":45}},"35":{"start":{"line":86,"column":4},"end":{"line":86,"column":43}}},"fnMap":{"0":{"name":"(anonymous_0)","decl":{"start":{"line":4,"column":18},"end":{"line":4,"column":19}},"loc":{"start":{"line":4,"column":38},"end":{"line":15,"column":1}},"line":4},"1":{"name":"(anonymous_1)","decl":{"start":{"line":17,"column":18},"end":{"line":17,"column":19}},"loc":{"start":{"line":17,"column":38},"end":{"line":27,"column":1}},"line":17},"2":{"name":"(anonymous_2)","decl":{"start":{"line":29,"column":17},"end":{"line":29,"column":18}},"loc":{"start":{"line":29,"column":37},"end":{"line":50,"column":1}},"line":29},"3":{"name":"(anonymous_3)","decl":{"start":{"line":52,"column":17},"end":{"line":52,"column":18}},"loc":{"start":{"line":52,"column":37},"end":{"line":76,"column":1}},"line":52},"4":{"name":"(anonymous_4)","decl":{"start":{"line":78,"column":17},"end":{"line":78,"column":18}},"loc":{"start":{"line":78,"column":37},"end":{"line":88,"column":1}},"line":78}},"branchMap":{},"s":{"0":3,"1":3,"2":1,"3":1,"4":1,"5":1,"6":0,"7":3,"8":1,"9":1,"10":1,"11":1,"12":1,"13":0,"14":3,"15":3,"16":3,"17":3,"18":3,"19":1,"20":2,"21":3,"22":1,"23":1,"24":1,"25":1,"26":1,"27":1,"28":0,"29":3,"30":1,"31":1,"32":1,"33":1,"34":1,"35":0},"f":{"0":1,"1":1,"2":3,"3":1,"4":1},"b":{},"_coverageSchema":"1a1c01bbd47fc00a2c39e90264f33305004495a9","hash":"59d9b2d8a54a1b07ddb41c7f7a5e3d85c9c4590b"}
,"C:\\Users\\jim\\Desktop\\Node.js\\node1\\products\\controllers\\user.product.controller.js": {"path":"C:\\Users\\jim\\Desktop\\Node.js\\node1\\products\\controllers\\user.product.controller.js","statementMap":{"0":{"start":{"line":1,"column":13},"end":{"line":1,"column":44}},"1":{"start":{"line":3,"column":0},"end":{"line":12,"column":2}},"2":{"start":{"line":4,"column":2},"end":{"line":4,"column":50}},"3":{"start":{"line":6,"column":2},"end":{"line":11,"column":3}},"4":{"start":{"line":7,"column":19},"end":{"line":7,"column":76}},"5":{"start":{"line":8,"column":4},"end":{"line":8,"column":45}},"6":{"start":{"line":10,"column":4},"end":{"line":10,"column":43}},"7":{"start":{"line":14,"column":0},"end":{"line":27,"column":2}},"8":{"start":{"line":15,"column":19},"end":{"line":15,"column":38}},"9":{"start":{"line":16,"column":2},"end":{"line":16,"column":69}},"10":{"start":{"line":18,"column":2},"end":{"line":26,"column":3}},"11":{"start":{"line":19,"column":19},"end":{"line":22,"column":5}},"12":{"start":{"line":23,"column":4},"end":{"line":23,"column":45}},"13":{"start":{"line":25,"column":4},"end":{"line":25,"column":43}},"14":{"start":{"line":29,"column":0},"end":{"line":47,"column":2}},"15":{"start":{"line":30,"column":19},"end":{"line":30,"column":36}},"16":{"start":{"line":31,"column":19},"end":{"line":31,"column":36}},"17":{"start":{"line":32,"column":2},"end":{"line":32,"column":67}},"18":{"start":{"line":34,"column":2},"end":{"line":46,"column":3}},"19":{"start":{"line":35,"column":19},"end":{"line":42,"column":5}},"20":{"start":{"line":43,"column":4},"end":{"line":43,"column":45}},"21":{"start":{"line":45,"column":4},"end":{"line":45,"column":43}},"22":{"start":{"line":49,"column":0},"end":{"line":68,"column":2}},"23":{"start":{"line":50,"column":19},"end":{"line":50,"column":38}},"24":{"start":{"line":51,"column":20},"end":{"line":51,"column":33}},"25":{"start":{"line":52,"column":26},"end":{"line":52,"column":51}},"26":{"start":{"line":53,"column":2},"end":{"line":53,"column":75}},"27":{"start":{"line":55,"column":2},"end":{"line":67,"column":3}},"28":{"start":{"line":56,"column":19},"end":{"line":63,"column":5}},"29":{"start":{"line":64,"column":4},"end":{"line":64,"column":45}},"30":{"start":{"line":66,"column":4},"end":{"line":66,"column":43}},"31":{"start":{"line":70,"column":0},"end":{"line":88,"column":2}},"32":{"start":{"line":71,"column":19},"end":{"line":71,"column":38}},"33":{"start":{"line":72,"column":20},"end":{"line":72,"column":33}},"34":{"start":{"line":73,"column":2},"end":{"line":73,"column":53}},"35":{"start":{"line":75,"column":2},"end":{"line":87,"column":3}},"36":{"start":{"line":76,"column":19},"end":{"line":83,"column":5}},"37":{"start":{"line":84,"column":4},"end":{"line":84,"column":45}},"38":{"start":{"line":86,"column":4},"end":{"line":86,"column":43}},"39":{"start":{"line":90,"column":0},"end":{"line":124,"column":2}},"40":{"start":{"line":91,"column":2},"end":{"line":91,"column":56}},"41":{"start":{"line":93,"column":2},"end":{"line":123,"column":3}},"42":{"start":{"line":94,"column":19},"end":{"line":119,"column":6}},"43":{"start":{"line":120,"column":4},"end":{"line":120,"column":45}},"44":{"start":{"line":122,"column":4},"end":{"line":122,"column":43}},"45":{"start":{"line":126,"column":0},"end":{"line":162,"column":2}},"46":{"start":{"line":127,"column":19},"end":{"line":127,"column":38}},"47":{"start":{"line":128,"column":2},"end":{"line":128,"column":70}},"48":{"start":{"line":130,"column":2},"end":{"line":161,"column":3}},"49":{"start":{"line":131,"column":19},"end":{"line":157,"column":6}},"50":{"start":{"line":158,"column":4},"end":{"line":158,"column":45}},"51":{"start":{"line":160,"column":4},"end":{"line":160,"column":43}}},"fnMap":{"0":{"name":"(anonymous_0)","decl":{"start":{"line":3,"column":18},"end":{"line":3,"column":19}},"loc":{"start":{"line":3,"column":38},"end":{"line":12,"column":1}},"line":3},"1":{"name":"(anonymous_1)","decl":{"start":{"line":14,"column":18},"end":{"line":14,"column":19}},"loc":{"start":{"line":14,"column":38},"end":{"line":27,"column":1}},"line":14},"2":{"name":"(anonymous_2)","decl":{"start":{"line":29,"column":17},"end":{"line":29,"column":18}},"loc":{"start":{"line":29,"column":37},"end":{"line":47,"column":1}},"line":29},"3":{"name":"(anonymous_3)","decl":{"start":{"line":49,"column":17},"end":{"line":49,"column":18}},"loc":{"start":{"line":49,"column":37},"end":{"line":68,"column":1}},"line":49},"4":{"name":"(anonymous_4)","decl":{"start":{"line":70,"column":17},"end":{"line":70,"column":18}},"loc":{"start":{"line":70,"column":37},"end":{"line":88,"column":1}},"line":70},"5":{"name":"(anonymous_5)","decl":{"start":{"line":90,"column":17},"end":{"line":90,"column":18}},"loc":{"start":{"line":90,"column":37},"end":{"line":124,"column":1}},"line":90},"6":{"name":"(anonymous_6)","decl":{"start":{"line":126,"column":17},"end":{"line":126,"column":18}},"loc":{"start":{"line":126,"column":37},"end":{"line":162,"column":1}},"line":126}},"branchMap":{},"s":{"0":3,"1":3,"2":1,"3":1,"4":1,"5":1,"6":0,"7":3,"8":1,"9":1,"10":1,"11":1,"12":1,"13":0,"14":3,"15":1,"16":1,"17":1,"18":1,"19":1,"20":1,"21":0,"22":3,"23":1,"24":1,"25":1,"26":1,"27":1,"28":1,"29":1,"30":0,"31":3,"32":1,"33":1,"34":1,"35":1,"36":1,"37":1,"38":0,"39":3,"40":0,"41":0,"42":0,"43":0,"44":0,"45":3,"46":0,"47":0,"48":0,"49":0,"50":0,"51":0},"f":{"0":1,"1":1,"2":1,"3":1,"4":1,"5":0,"6":0},"b":{},"_coverageSchema":"1a1c01bbd47fc00a2c39e90264f33305004495a9","hash":"3fdc43767a9f5ece18007cb06e2990c5ff4e20f7"}
,"C:\\Users\\jim\\Desktop\\Node.js\\node1\\products\\models\\product.model.js": {"path":"C:\\Users\\jim\\Desktop\\Node.js\\node1\\products\\models\\product.model.js","statementMap":{"0":{"start":{"line":1,"column":17},"end":{"line":1,"column":36}},"1":{"start":{"line":2,"column":15},"end":{"line":2,"column":30}},"2":{"start":{"line":4,"column":20},"end":{"line":31,"column":1}},"3":{"start":{"line":33,"column":0},"end":{"line":33,"column":58}}},"fnMap":{},"branchMap":{},"s":{"0":3,"1":3,"2":3,"3":3},"f":{},"b":{},"_coverageSchema":"1a1c01bbd47fc00a2c39e90264f33305004495a9","hash":"47bc453ab798ffa9a9a4468deef5314df5455069"}
,"C:\\Users\\jim\\Desktop\\Node.js\\node1\\products\\models\\user.model.js": {"path":"C:\\Users\\jim\\Desktop\\Node.js\\node1\\products\\models\\user.model.js","statementMap":{"0":{"start":{"line":1,"column":17},"end":{"line":1,"column":36}},"1":{"start":{"line":2,"column":24},"end":{"line":2,"column":60}},"2":{"start":{"line":4,"column":15},"end":{"line":4,"column":30}},"3":{"start":{"line":6,"column":20},"end":{"line":12,"column":1}},"4":{"start":{"line":14,"column":18},"end":{"line":20,"column":1}},"5":{"start":{"line":22,"column":20},"end":{"line":30,"column":1}},"6":{"start":{"line":32,"column":17},"end":{"line":77,"column":1}},"7":{"start":{"line":79,"column":0},"end":{"line":79,"column":35}},"8":{"start":{"line":80,"column":0},"end":{"line":80,"column":52}}},"fnMap":{},"branchMap":{},"s":{"0":3,"1":3,"2":3,"3":3,"4":3,"5":3,"6":3,"7":3,"8":3},"f":{},"b":{},"_coverageSchema":"1a1c01bbd47fc00a2c39e90264f33305004495a9","hash":"8841e455bc4a257239589e731667748d530608af"}
,"C:\\Users\\jim\\Desktop\\Node.js\\node1\\products\\routes\\product.routes.js": {"path":"C:\\Users\\jim\\Desktop\\Node.js\\node1\\products\\routes\\product.routes.js","statementMap":{"0":{"start":{"line":1,"column":16},"end":{"line":1,"column":34}},"1":{"start":{"line":2,"column":15},"end":{"line":2,"column":31}},"2":{"start":{"line":3,"column":26},"end":{"line":3,"column":70}},"3":{"start":{"line":5,"column":0},"end":{"line":5,"column":51}},"4":{"start":{"line":6,"column":0},"end":{"line":6,"column":58}},"5":{"start":{"line":7,"column":0},"end":{"line":7,"column":50}},"6":{"start":{"line":8,"column":0},"end":{"line":8,"column":54}},"7":{"start":{"line":9,"column":0},"end":{"line":9,"column":55}},"8":{"start":{"line":11,"column":0},"end":{"line":11,"column":24}}},"fnMap":{},"branchMap":{},"s":{"0":3,"1":3,"2":3,"3":3,"4":3,"5":3,"6":3,"7":3,"8":3},"f":{},"b":{},"_coverageSchema":"1a1c01bbd47fc00a2c39e90264f33305004495a9","hash":"9269b9ee36ce579b63c4f0bd132cb0f1f085e410"}
,"C:\\Users\\jim\\Desktop\\Node.js\\node1\\products\\routes\\user.product.routes.js": {"path":"C:\\Users\\jim\\Desktop\\Node.js\\node1\\products\\routes\\user.product.routes.js","statementMap":{"0":{"start":{"line":1,"column":16},"end":{"line":1,"column":34}},"1":{"start":{"line":2,"column":15},"end":{"line":2,"column":31}},"2":{"start":{"line":3,"column":30},"end":{"line":3,"column":79}},"3":{"start":{"line":5,"column":0},"end":{"line":5,"column":61}},"4":{"start":{"line":6,"column":0},"end":{"line":6,"column":65}},"5":{"start":{"line":7,"column":0},"end":{"line":7,"column":65}},"6":{"start":{"line":8,"column":0},"end":{"line":8,"column":70}},"7":{"start":{"line":9,"column":0},"end":{"line":9,"column":71}},"8":{"start":{"line":10,"column":0},"end":{"line":10,"column":52}},"9":{"start":{"line":11,"column":0},"end":{"line":11,"column":62}},"10":{"start":{"line":13,"column":0},"end":{"line":13,"column":24}}},"fnMap":{},"branchMap":{},"s":{"0":3,"1":3,"2":3,"3":3,"4":3,"5":3,"6":3,"7":3,"8":3,"9":3,"10":3},"f":{},"b":{},"_coverageSchema":"1a1c01bbd47fc00a2c39e90264f33305004495a9","hash":"4fb527c328a1de7d78df2ea1efaec59be03c0444"}
,"C:\\Users\\jim\\Desktop\\Node.js\\node1\\products\\routes\\user.routes.js": {"path":"C:\\Users\\jim\\Desktop\\Node.js\\node1\\products\\routes\\user.routes.js","statementMap":{"0":{"start":{"line":1,"column":16},"end":{"line":1,"column":34}},"1":{"start":{"line":2,"column":15},"end":{"line":2,"column":31}},"2":{"start":{"line":3,"column":23},"end":{"line":3,"column":64}},"3":{"start":{"line":5,"column":0},"end":{"line":5,"column":40}},"4":{"start":{"line":6,"column":0},"end":{"line":6,"column":49}},"5":{"start":{"line":7,"column":0},"end":{"line":7,"column":40}},"6":{"start":{"line":8,"column":0},"end":{"line":8,"column":50}},"7":{"start":{"line":9,"column":0},"end":{"line":9,"column":51}},"8":{"start":{"line":11,"column":0},"end":{"line":11,"column":24}}},"fnMap":{},"branchMap":{},"s":{"0":3,"1":3,"2":3,"3":3,"4":3,"5":3,"6":3,"7":3,"8":3},"f":{},"b":{},"_coverageSchema":"1a1c01bbd47fc00a2c39e90264f33305004495a9","hash":"c1774209f1e7ee7b39621aed6db82633b53cf599"}
,"C:\\Users\\jim\\Desktop\\Node.js\\node1\\products\\services\\product.service.js": {"path":"C:\\Users\\jim\\Desktop\\Node.js\\node1\\products\\services\\product.service.js","statementMap":{"0":{"start":{"line":1,"column":16},"end":{"line":1,"column":50}},"1":{"start":{"line":4,"column":2},"end":{"line":4,"column":44}},"2":{"start":{"line":6,"column":2},"end":{"line":11,"column":3}},"3":{"start":{"line":7,"column":19},"end":{"line":7,"column":68}},"4":{"start":{"line":8,"column":4},"end":{"line":8,"column":21}},"5":{"start":{"line":10,"column":4},"end":{"line":10,"column":60}},"6":{"start":{"line":14,"column":0},"end":{"line":14,"column":45}}},"fnMap":{"0":{"name":"findLastInsertedProduct","decl":{"start":{"line":3,"column":15},"end":{"line":3,"column":38}},"loc":{"start":{"line":3,"column":41},"end":{"line":12,"column":1}},"line":3}},"branchMap":{},"s":{"0":1,"1":3,"2":3,"3":3,"4":3,"5":0,"6":1},"f":{"0":3},"b":{},"_coverageSchema":"1a1c01bbd47fc00a2c39e90264f33305004495a9","hash":"7ae87b9a45ec9c3e335155d6aac9772f6a6dd5f2"}
,"C:\\Users\\jim\\Desktop\\Node.js\\node1\\products\\services\\user.service.js": {"path":"C:\\Users\\jim\\Desktop\\Node.js\\node1\\products\\services\\user.service.js","statementMap":{"0":{"start":{"line":1,"column":13},"end":{"line":1,"column":44}},"1":{"start":{"line":4,"column":2},"end":{"line":4,"column":41}},"2":{"start":{"line":6,"column":2},"end":{"line":11,"column":3}},"3":{"start":{"line":7,"column":19},"end":{"line":7,"column":65}},"4":{"start":{"line":8,"column":4},"end":{"line":8,"column":21}},"5":{"start":{"line":10,"column":4},"end":{"line":10,"column":57}},"6":{"start":{"line":33,"column":2},"end":{"line":33,"column":47}},"7":{"start":{"line":35,"column":2},"end":{"line":44,"column":3}},"8":{"start":{"line":36,"column":19},"end":{"line":39,"column":5}},"9":{"start":{"line":40,"column":4},"end":{"line":40,"column":18}},"10":{"start":{"line":42,"column":4},"end":{"line":42,"column":53}},"11":{"start":{"line":43,"column":4},"end":{"line":43,"column":17}},"12":{"start":{"line":47,"column":0},"end":{"line":47,"column":60}}},"fnMap":{"0":{"name":"findLastInsertedUser","decl":{"start":{"line":3,"column":15},"end":{"line":3,"column":35}},"loc":{"start":{"line":3,"column":38},"end":{"line":12,"column":1}},"line":3},"1":{"name":"findUsersProduct","decl":{"start":{"line":32,"column":15},"end":{"line":32,"column":31}},"loc":{"start":{"line":32,"column":42},"end":{"line":45,"column":1}},"line":32}},"branchMap":{},"s":{"0":2,"1":8,"2":8,"3":8,"4":8,"5":0,"6":1,"7":1,"8":1,"9":1,"10":0,"11":0,"12":2},"f":{"0":8,"1":1},"b":{},"_coverageSchema":"1a1c01bbd47fc00a2c39e90264f33305004495a9","hash":"91fc82d419257bd3d3ce289a951598faa7d58f4b"}
}
