{"C:\\Users\\jim\\Desktop\\Node.js\\node1\\products\\index.js": {"path":"C:\\Users\\jim\\Desktop\\Node.js\\node1\\products\\index.js","statementMap":{"0":{"start":{"line":1,"column":30},"end":{"line":1,"column":49}},"1":{"start":{"line":2,"column":16},"end":{"line":2,"column":34}},"2":{"start":{"line":3,"column":12},"end":{"line":3,"column":21}},"3":{"start":{"line":4,"column":18},"end":{"line":4,"column":47}},"4":{"start":{"line":5,"column":24},"end":{"line":5,"column":44}},"5":{"start":{"line":6,"column":13},"end":{"line":6,"column":28}},"6":{"start":{"line":8,"column":0},"end":{"line":15,"column":2}},"7":{"start":{"line":10,"column":4},"end":{"line":10,"column":53}},"8":{"start":{"line":13,"column":4},"end":{"line":13,"column":48}},"9":{"start":{"line":17,"column":0},"end":{"line":17,"column":72}},"10":{"start":{"line":19,"column":0},"end":{"line":19,"column":24}},"11":{"start":{"line":20,"column":0},"end":{"line":20,"column":48}},"12":{"start":{"line":21,"column":0},"end":{"line":21,"column":38}},"13":{"start":{"line":22,"column":0},"end":{"line":27,"column":2}},"14":{"start":{"line":29,"column":13},"end":{"line":29,"column":44}},"15":{"start":{"line":30,"column":0},"end":{"line":30,"column":28}},"16":{"start":{"line":32,"column":20},"end":{"line":32,"column":59}},"17":{"start":{"line":33,"column":0},"end":{"line":33,"column":42}},"18":{"start":{"line":35,"column":16},"end":{"line":35,"column":50}},"19":{"start":{"line":36,"column":0},"end":{"line":36,"column":34}},"20":{"start":{"line":38,"column":0},"end":{"line":38,"column":21}}},"fnMap":{"0":{"name":"(anonymous_0)","decl":{"start":{"line":9,"column":2},"end":{"line":9,"column":3}},"loc":{"start":{"line":9,"column":8},"end":{"line":11,"column":3}},"line":9},"1":{"name":"(anonymous_1)","decl":{"start":{"line":12,"column":2},"end":{"line":12,"column":3}},"loc":{"start":{"line":12,"column":11},"end":{"line":14,"column":3}},"line":12}},"branchMap":{},"s":{"0":1,"1":1,"2":1,"3":1,"4":1,"5":1,"6":1,"7":1,"8":0,"9":1,"10":1,"11":1,"12":1,"13":1,"14":1,"15":1,"16":1,"17":1,"18":1,"19":1,"20":1},"f":{"0":1,"1":0},"b":{},"_coverageSchema":"1a1c01bbd47fc00a2c39e90264f33305004495a9","hash":"571e0ec6dc03651a836e6632662f7ea33bc50610"}
,"C:\\Users\\jim\\Desktop\\Node.js\\node1\\products\\swagger.js": {"path":"C:\\Users\\jim\\Desktop\\Node.js\\node1\\products\\swagger.js","statementMap":{"0":{"start":{"line":1,"column":12},"end":{"line":1,"column":42}},"1":{"start":{"line":2,"column":13},"end":{"line":2,"column":43}},"2":{"start":{"line":3,"column":18},"end":{"line":3,"column":49}},"3":{"start":{"line":4,"column":21},"end":{"line":4,"column":39}},"4":{"start":{"line":6,"column":0},"end":{"line":317,"column":2}},"5":{"start":{"line":319,"column":0},"end":{"line":319,"column":33}}},"fnMap":{},"branchMap":{},"s":{"0":1,"1":1,"2":1,"3":1,"4":1,"5":1},"f":{},"b":{},"_coverageSchema":"1a1c01bbd47fc00a2c39e90264f33305004495a9","hash":"3ea7506725ca474f7add351cf0f3c949fff2d0f4"}
,"C:\\Users\\jim\\Desktop\\Node.js\\node1\\products\\controllers\\product.controller.js": {"path":"C:\\Users\\jim\\Desktop\\Node.js\\node1\\products\\controllers\\product.controller.js","statementMap":{"0":{"start":{"line":1,"column":16},"end":{"line":1,"column":50}},"1":{"start":{"line":3,"column":0},"end":{"line":12,"column":1}},"2":{"start":{"line":4,"column":4},"end":{"line":4,"column":36}},"3":{"start":{"line":6,"column":4},"end":{"line":11,"column":5}},"4":{"start":{"line":7,"column":23},"end":{"line":7,"column":43}},"5":{"start":{"line":8,"column":8},"end":{"line":8,"column":46}},"6":{"start":{"line":10,"column":8},"end":{"line":10,"column":44}},"7":{"start":{"line":14,"column":0},"end":{"line":24,"column":1}},"8":{"start":{"line":15,"column":20},"end":{"line":15,"column":57}},"9":{"start":{"line":16,"column":4},"end":{"line":16,"column":57}},"10":{"start":{"line":18,"column":4},"end":{"line":23,"column":5}},"11":{"start":{"line":19,"column":23},"end":{"line":19,"column":64}},"12":{"start":{"line":20,"column":8},"end":{"line":20,"column":46}},"13":{"start":{"line":22,"column":8},"end":{"line":22,"column":44}},"14":{"start":{"line":26,"column":0},"end":{"line":43,"column":1}},"15":{"start":{"line":27,"column":51},"end":{"line":27,"column":59}},"16":{"start":{"line":28,"column":4},"end":{"line":28,"column":47}},"17":{"start":{"line":30,"column":4},"end":{"line":42,"column":5}},"18":{"start":{"line":31,"column":27},"end":{"line":36,"column":10}},"19":{"start":{"line":38,"column":23},"end":{"line":38,"column":46}},"20":{"start":{"line":39,"column":8},"end":{"line":39,"column":46}},"21":{"start":{"line":41,"column":8},"end":{"line":41,"column":44}},"22":{"start":{"line":45,"column":0},"end":{"line":69,"column":1}},"23":{"start":{"line":46,"column":51},"end":{"line":46,"column":59}},"24":{"start":{"line":47,"column":22},"end":{"line":47,"column":35}},"25":{"start":{"line":48,"column":4},"end":{"line":48,"column":57}},"26":{"start":{"line":50,"column":4},"end":{"line":68,"column":5}},"27":{"start":{"line":51,"column":30},"end":{"line":60,"column":5}},"28":{"start":{"line":62,"column":4},"end":{"line":64,"column":5}},"29":{"start":{"line":63,"column":8},"end":{"line":63,"column":70}},"30":{"start":{"line":65,"column":8},"end":{"line":65,"column":53}},"31":{"start":{"line":67,"column":8},"end":{"line":67,"column":44}},"32":{"start":{"line":71,"column":0},"end":{"line":84,"column":1}},"33":{"start":{"line":72,"column":22},"end":{"line":72,"column":35}},"34":{"start":{"line":73,"column":4},"end":{"line":73,"column":49}},"35":{"start":{"line":75,"column":4},"end":{"line":83,"column":5}},"36":{"start":{"line":76,"column":30},"end":{"line":76,"column":72}},"37":{"start":{"line":77,"column":8},"end":{"line":79,"column":9}},"38":{"start":{"line":78,"column":12},"end":{"line":78,"column":74}},"39":{"start":{"line":80,"column":8},"end":{"line":80,"column":53}},"40":{"start":{"line":82,"column":8},"end":{"line":82,"column":44}}},"fnMap":{"0":{"name":"(anonymous_0)","decl":{"start":{"line":3,"column":18},"end":{"line":3,"column":19}},"loc":{"start":{"line":3,"column":37},"end":{"line":12,"column":1}},"line":3},"1":{"name":"(anonymous_1)","decl":{"start":{"line":14,"column":18},"end":{"line":14,"column":19}},"loc":{"start":{"line":14,"column":37},"end":{"line":24,"column":1}},"line":14},"2":{"name":"(anonymous_2)","decl":{"start":{"line":26,"column":17},"end":{"line":26,"column":18}},"loc":{"start":{"line":26,"column":36},"end":{"line":43,"column":1}},"line":26},"3":{"name":"(anonymous_3)","decl":{"start":{"line":45,"column":17},"end":{"line":45,"column":18}},"loc":{"start":{"line":45,"column":36},"end":{"line":69,"column":1}},"line":45},"4":{"name":"(anonymous_4)","decl":{"start":{"line":71,"column":17},"end":{"line":71,"column":18}},"loc":{"start":{"line":71,"column":36},"end":{"line":84,"column":1}},"line":71}},"branchMap":{"0":{"loc":{"start":{"line":54,"column":20},"end":{"line":54,"column":42}},"type":"binary-expr","locations":[{"start":{"line":54,"column":20},"end":{"line":54,"column":27}},{"start":{"line":54,"column":31},"end":{"line":54,"column":42}}],"line":54},"1":{"loc":{"start":{"line":55,"column":20},"end":{"line":55,"column":36}},"type":"binary-expr","locations":[{"start":{"line":55,"column":20},"end":{"line":55,"column":24}},{"start":{"line":55,"column":28},"end":{"line":55,"column":36}}],"line":55},"2":{"loc":{"start":{"line":56,"column":20},"end":{"line":56,"column":50}},"type":"binary-expr","locations":[{"start":{"line":56,"column":20},"end":{"line":56,"column":31}},{"start":{"line":56,"column":35},"end":{"line":56,"column":50}}],"line":56},"3":{"loc":{"start":{"line":57,"column":20},"end":{"line":57,"column":44}},"type":"binary-expr","locations":[{"start":{"line":57,"column":20},"end":{"line":57,"column":28}},{"start":{"line":57,"column":32},"end":{"line":57,"column":44}}],"line":57},"4":{"loc":{"start":{"line":62,"column":4},"end":{"line":64,"column":5}},"type":"if","locations":[{"start":{"line":62,"column":4},"end":{"line":64,"column":5}},{"start":{},"end":{}}],"line":62},"5":{"loc":{"start":{"line":77,"column":8},"end":{"line":79,"column":9}},"type":"if","locations":[{"start":{"line":77,"column":8},"end":{"line":79,"column":9}},{"start":{},"end":{}}],"line":77}},"s":{"0":1,"1":1,"2":0,"3":0,"4":0,"5":0,"6":0,"7":1,"8":0,"9":0,"10":0,"11":0,"12":0,"13":0,"14":1,"15":0,"16":0,"17":0,"18":0,"19":0,"20":0,"21":0,"22":1,"23":0,"24":0,"25":0,"26":0,"27":0,"28":0,"29":0,"30":0,"31":0,"32":1,"33":0,"34":0,"35":0,"36":0,"37":0,"38":0,"39":0,"40":0},"f":{"0":0,"1":0,"2":0,"3":0,"4":0},"b":{"0":[0,0],"1":[0,0],"2":[0,0],"3":[0,0],"4":[0,0],"5":[0,0]},"_coverageSchema":"1a1c01bbd47fc00a2c39e90264f33305004495a9","hash":"9728747c8bf092da5b28bff5b1593f3fd8136aa3"}
,"C:\\Users\\jim\\Desktop\\Node.js\\node1\\products\\controllers\\user.controller.js": {"path":"C:\\Users\\jim\\Desktop\\Node.js\\node1\\products\\controllers\\user.controller.js","statementMap":{"0":{"start":{"line":1,"column":13},"end":{"line":1,"column":44}},"1":{"start":{"line":4,"column":0},"end":{"line":15,"column":2}},"2":{"start":{"line":5,"column":2},"end":{"line":5,"column":32}},"3":{"start":{"line":7,"column":2},"end":{"line":14,"column":3}},"4":{"start":{"line":8,"column":19},"end":{"line":8,"column":36}},"5":{"start":{"line":10,"column":4},"end":{"line":10,"column":45}},"6":{"start":{"line":13,"column":4},"end":{"line":13,"column":43}},"7":{"start":{"line":17,"column":0},"end":{"line":27,"column":2}},"8":{"start":{"line":18,"column":19},"end":{"line":18,"column":38}},"9":{"start":{"line":19,"column":2},"end":{"line":19,"column":54}},"10":{"start":{"line":21,"column":2},"end":{"line":26,"column":3}},"11":{"start":{"line":22,"column":19},"end":{"line":22,"column":61}},"12":{"start":{"line":23,"column":4},"end":{"line":23,"column":45}},"13":{"start":{"line":25,"column":4},"end":{"line":25,"column":43}},"14":{"start":{"line":29,"column":0},"end":{"line":50,"column":2}},"15":{"start":{"line":30,"column":18},"end":{"line":40,"column":4}},"16":{"start":{"line":42,"column":2},"end":{"line":42,"column":63}},"17":{"start":{"line":44,"column":2},"end":{"line":49,"column":3}},"18":{"start":{"line":45,"column":19},"end":{"line":45,"column":39}},"19":{"start":{"line":46,"column":4},"end":{"line":46,"column":45}},"20":{"start":{"line":48,"column":4},"end":{"line":48,"column":43}},"21":{"start":{"line":52,"column":0},"end":{"line":75,"column":2}},"22":{"start":{"line":53,"column":19},"end":{"line":53,"column":38}},"23":{"start":{"line":54,"column":2},"end":{"line":54,"column":55}},"24":{"start":{"line":56,"column":21},"end":{"line":64,"column":3}},"25":{"start":{"line":66,"column":2},"end":{"line":74,"column":3}},"26":{"start":{"line":67,"column":19},"end":{"line":70,"column":5}},"27":{"start":{"line":71,"column":4},"end":{"line":71,"column":45}},"28":{"start":{"line":73,"column":4},"end":{"line":73,"column":45}},"29":{"start":{"line":77,"column":0},"end":{"line":87,"column":2}},"30":{"start":{"line":78,"column":19},"end":{"line":78,"column":38}},"31":{"start":{"line":79,"column":2},"end":{"line":79,"column":54}},"32":{"start":{"line":81,"column":2},"end":{"line":86,"column":3}},"33":{"start":{"line":82,"column":19},"end":{"line":82,"column":70}},"34":{"start":{"line":83,"column":4},"end":{"line":83,"column":45}},"35":{"start":{"line":85,"column":4},"end":{"line":85,"column":43}}},"fnMap":{"0":{"name":"(anonymous_0)","decl":{"start":{"line":4,"column":18},"end":{"line":4,"column":19}},"loc":{"start":{"line":4,"column":38},"end":{"line":15,"column":1}},"line":4},"1":{"name":"(anonymous_1)","decl":{"start":{"line":17,"column":18},"end":{"line":17,"column":19}},"loc":{"start":{"line":17,"column":38},"end":{"line":27,"column":1}},"line":17},"2":{"name":"(anonymous_2)","decl":{"start":{"line":29,"column":17},"end":{"line":29,"column":18}},"loc":{"start":{"line":29,"column":37},"end":{"line":50,"column":1}},"line":29},"3":{"name":"(anonymous_3)","decl":{"start":{"line":52,"column":17},"end":{"line":52,"column":18}},"loc":{"start":{"line":52,"column":37},"end":{"line":75,"column":1}},"line":52},"4":{"name":"(anonymous_4)","decl":{"start":{"line":77,"column":17},"end":{"line":77,"column":18}},"loc":{"start":{"line":77,"column":37},"end":{"line":87,"column":1}},"line":77}},"branchMap":{},"s":{"0":1,"1":1,"2":1,"3":1,"4":1,"5":1,"6":0,"7":1,"8":1,"9":1,"10":1,"11":1,"12":1,"13":0,"14":1,"15":2,"16":2,"17":2,"18":2,"19":1,"20":1,"21":1,"22":1,"23":1,"24":1,"25":1,"26":1,"27":0,"28":1,"29":1,"30":1,"31":1,"32":1,"33":1,"34":1,"35":0},"f":{"0":1,"1":1,"2":2,"3":1,"4":1},"b":{},"_coverageSchema":"1a1c01bbd47fc00a2c39e90264f33305004495a9","hash":"f13d4f55c5f3afc7f6894866d1a43ed648424b38"}
,"C:\\Users\\jim\\Desktop\\Node.js\\node1\\products\\controllers\\user.product.controller.js": {"path":"C:\\Users\\jim\\Desktop\\Node.js\\node1\\products\\controllers\\user.product.controller.js","statementMap":{"0":{"start":{"line":1,"column":13},"end":{"line":1,"column":44}},"1":{"start":{"line":3,"column":0},"end":{"line":12,"column":2}},"2":{"start":{"line":4,"column":2},"end":{"line":4,"column":50}},"3":{"start":{"line":6,"column":2},"end":{"line":11,"column":3}},"4":{"start":{"line":7,"column":19},"end":{"line":7,"column":76}},"5":{"start":{"line":8,"column":4},"end":{"line":8,"column":45}},"6":{"start":{"line":10,"column":4},"end":{"line":10,"column":43}},"7":{"start":{"line":14,"column":0},"end":{"line":27,"column":2}},"8":{"start":{"line":15,"column":19},"end":{"line":15,"column":38}},"9":{"start":{"line":16,"column":2},"end":{"line":16,"column":69}},"10":{"start":{"line":18,"column":2},"end":{"line":26,"column":3}},"11":{"start":{"line":19,"column":19},"end":{"line":22,"column":5}},"12":{"start":{"line":23,"column":4},"end":{"line":23,"column":45}},"13":{"start":{"line":25,"column":4},"end":{"line":25,"column":43}},"14":{"start":{"line":29,"column":0},"end":{"line":47,"column":2}},"15":{"start":{"line":30,"column":19},"end":{"line":30,"column":36}},"16":{"start":{"line":31,"column":19},"end":{"line":31,"column":36}},"17":{"start":{"line":32,"column":2},"end":{"line":32,"column":67}},"18":{"start":{"line":34,"column":2},"end":{"line":46,"column":3}},"19":{"start":{"line":35,"column":19},"end":{"line":42,"column":5}},"20":{"start":{"line":43,"column":4},"end":{"line":43,"column":45}},"21":{"start":{"line":45,"column":4},"end":{"line":45,"column":43}},"22":{"start":{"line":49,"column":0},"end":{"line":68,"column":2}},"23":{"start":{"line":50,"column":19},"end":{"line":50,"column":38}},"24":{"start":{"line":51,"column":20},"end":{"line":51,"column":40}},"25":{"start":{"line":52,"column":26},"end":{"line":52,"column":51}},"26":{"start":{"line":53,"column":2},"end":{"line":53,"column":75}},"27":{"start":{"line":55,"column":2},"end":{"line":67,"column":3}},"28":{"start":{"line":56,"column":19},"end":{"line":63,"column":5}},"29":{"start":{"line":64,"column":4},"end":{"line":64,"column":45}},"30":{"start":{"line":66,"column":4},"end":{"line":66,"column":43}},"31":{"start":{"line":70,"column":0},"end":{"line":88,"column":2}},"32":{"start":{"line":71,"column":19},"end":{"line":71,"column":38}},"33":{"start":{"line":72,"column":20},"end":{"line":72,"column":33}},"34":{"start":{"line":73,"column":2},"end":{"line":73,"column":53}},"35":{"start":{"line":75,"column":2},"end":{"line":87,"column":3}},"36":{"start":{"line":76,"column":19},"end":{"line":83,"column":5}},"37":{"start":{"line":84,"column":4},"end":{"line":84,"column":45}},"38":{"start":{"line":86,"column":4},"end":{"line":86,"column":43}},"39":{"start":{"line":90,"column":0},"end":{"line":124,"column":2}},"40":{"start":{"line":91,"column":2},"end":{"line":91,"column":56}},"41":{"start":{"line":93,"column":2},"end":{"line":123,"column":3}},"42":{"start":{"line":94,"column":19},"end":{"line":119,"column":6}},"43":{"start":{"line":120,"column":4},"end":{"line":120,"column":45}},"44":{"start":{"line":122,"column":4},"end":{"line":122,"column":43}},"45":{"start":{"line":126,"column":0},"end":{"line":162,"column":2}},"46":{"start":{"line":127,"column":19},"end":{"line":127,"column":38}},"47":{"start":{"line":128,"column":2},"end":{"line":128,"column":70}},"48":{"start":{"line":130,"column":2},"end":{"line":161,"column":3}},"49":{"start":{"line":131,"column":19},"end":{"line":157,"column":6}},"50":{"start":{"line":158,"column":4},"end":{"line":158,"column":45}},"51":{"start":{"line":160,"column":4},"end":{"line":160,"column":43}}},"fnMap":{"0":{"name":"(anonymous_0)","decl":{"start":{"line":3,"column":18},"end":{"line":3,"column":19}},"loc":{"start":{"line":3,"column":38},"end":{"line":12,"column":1}},"line":3},"1":{"name":"(anonymous_1)","decl":{"start":{"line":14,"column":18},"end":{"line":14,"column":19}},"loc":{"start":{"line":14,"column":38},"end":{"line":27,"column":1}},"line":14},"2":{"name":"(anonymous_2)","decl":{"start":{"line":29,"column":17},"end":{"line":29,"column":18}},"loc":{"start":{"line":29,"column":37},"end":{"line":47,"column":1}},"line":29},"3":{"name":"(anonymous_3)","decl":{"start":{"line":49,"column":17},"end":{"line":49,"column":18}},"loc":{"start":{"line":49,"column":37},"end":{"line":68,"column":1}},"line":49},"4":{"name":"(anonymous_4)","decl":{"start":{"line":70,"column":17},"end":{"line":70,"column":18}},"loc":{"start":{"line":70,"column":37},"end":{"line":88,"column":1}},"line":70},"5":{"name":"(anonymous_5)","decl":{"start":{"line":90,"column":17},"end":{"line":90,"column":18}},"loc":{"start":{"line":90,"column":37},"end":{"line":124,"column":1}},"line":90},"6":{"name":"(anonymous_6)","decl":{"start":{"line":126,"column":17},"end":{"line":126,"column":18}},"loc":{"start":{"line":126,"column":37},"end":{"line":162,"column":1}},"line":126}},"branchMap":{},"s":{"0":1,"1":1,"2":0,"3":0,"4":0,"5":0,"6":0,"7":1,"8":0,"9":0,"10":0,"11":0,"12":0,"13":0,"14":1,"15":0,"16":0,"17":0,"18":0,"19":0,"20":0,"21":0,"22":1,"23":0,"24":0,"25":0,"26":0,"27":0,"28":0,"29":0,"30":0,"31":1,"32":0,"33":0,"34":0,"35":0,"36":0,"37":0,"38":0,"39":1,"40":0,"41":0,"42":0,"43":0,"44":0,"45":1,"46":0,"47":0,"48":0,"49":0,"50":0,"51":0},"f":{"0":0,"1":0,"2":0,"3":0,"4":0,"5":0,"6":0},"b":{},"_coverageSchema":"1a1c01bbd47fc00a2c39e90264f33305004495a9","hash":"e8480feef8f32cba567a71dfcc1872b6a85c052b"}
,"C:\\Users\\jim\\Desktop\\Node.js\\node1\\products\\models\\product.model.js": {"path":"C:\\Users\\jim\\Desktop\\Node.js\\node1\\products\\models\\product.model.js","statementMap":{"0":{"start":{"line":1,"column":17},"end":{"line":1,"column":36}},"1":{"start":{"line":2,"column":15},"end":{"line":2,"column":30}},"2":{"start":{"line":4,"column":20},"end":{"line":30,"column":1}},"3":{"start":{"line":32,"column":0},"end":{"line":32,"column":57}}},"fnMap":{},"branchMap":{},"s":{"0":1,"1":1,"2":1,"3":1},"f":{},"b":{},"_coverageSchema":"1a1c01bbd47fc00a2c39e90264f33305004495a9","hash":"7c7d27c07e977964417aa9337eb3b10a81274cec"}
,"C:\\Users\\jim\\Desktop\\Node.js\\node1\\products\\models\\user.model.js": {"path":"C:\\Users\\jim\\Desktop\\Node.js\\node1\\products\\models\\user.model.js","statementMap":{"0":{"start":{"line":1,"column":17},"end":{"line":1,"column":36}},"1":{"start":{"line":2,"column":24},"end":{"line":2,"column":60}},"2":{"start":{"line":4,"column":15},"end":{"line":4,"column":30}},"3":{"start":{"line":6,"column":20},"end":{"line":12,"column":1}},"4":{"start":{"line":14,"column":18},"end":{"line":20,"column":1}},"5":{"start":{"line":22,"column":20},"end":{"line":30,"column":1}},"6":{"start":{"line":32,"column":17},"end":{"line":77,"column":1}},"7":{"start":{"line":79,"column":0},"end":{"line":79,"column":35}},"8":{"start":{"line":80,"column":0},"end":{"line":80,"column":52}}},"fnMap":{},"branchMap":{},"s":{"0":1,"1":1,"2":1,"3":1,"4":1,"5":1,"6":1,"7":1,"8":1},"f":{},"b":{},"_coverageSchema":"1a1c01bbd47fc00a2c39e90264f33305004495a9","hash":"8841e455bc4a257239589e731667748d530608af"}
,"C:\\Users\\jim\\Desktop\\Node.js\\node1\\products\\routes\\product.routes.js": {"path":"C:\\Users\\jim\\Desktop\\Node.js\\node1\\products\\routes\\product.routes.js","statementMap":{"0":{"start":{"line":1,"column":16},"end":{"line":1,"column":34}},"1":{"start":{"line":2,"column":15},"end":{"line":2,"column":31}},"2":{"start":{"line":3,"column":26},"end":{"line":3,"column":70}},"3":{"start":{"line":5,"column":0},"end":{"line":5,"column":42}},"4":{"start":{"line":6,"column":0},"end":{"line":6,"column":50}},"5":{"start":{"line":7,"column":0},"end":{"line":7,"column":42}},"6":{"start":{"line":8,"column":0},"end":{"line":8,"column":46}},"7":{"start":{"line":9,"column":0},"end":{"line":9,"column":47}},"8":{"start":{"line":12,"column":0},"end":{"line":12,"column":23}}},"fnMap":{},"branchMap":{},"s":{"0":1,"1":1,"2":1,"3":1,"4":1,"5":1,"6":1,"7":1,"8":1},"f":{},"b":{},"_coverageSchema":"1a1c01bbd47fc00a2c39e90264f33305004495a9","hash":"00f7fb3cd28e161cb036b3c1b251ee5a2a378947"}
,"C:\\Users\\jim\\Desktop\\Node.js\\node1\\products\\routes\\user.product.routes.js": {"path":"C:\\Users\\jim\\Desktop\\Node.js\\node1\\products\\routes\\user.product.routes.js","statementMap":{"0":{"start":{"line":1,"column":16},"end":{"line":1,"column":34}},"1":{"start":{"line":2,"column":15},"end":{"line":2,"column":31}},"2":{"start":{"line":3,"column":30},"end":{"line":3,"column":79}},"3":{"start":{"line":5,"column":0},"end":{"line":5,"column":61}},"4":{"start":{"line":6,"column":0},"end":{"line":6,"column":65}},"5":{"start":{"line":7,"column":0},"end":{"line":7,"column":65}},"6":{"start":{"line":8,"column":0},"end":{"line":8,"column":70}},"7":{"start":{"line":9,"column":0},"end":{"line":9,"column":71}},"8":{"start":{"line":10,"column":0},"end":{"line":10,"column":52}},"9":{"start":{"line":11,"column":0},"end":{"line":11,"column":62}},"10":{"start":{"line":13,"column":0},"end":{"line":13,"column":24}}},"fnMap":{},"branchMap":{},"s":{"0":1,"1":1,"2":1,"3":1,"4":1,"5":1,"6":1,"7":1,"8":1,"9":1,"10":1},"f":{},"b":{},"_coverageSchema":"1a1c01bbd47fc00a2c39e90264f33305004495a9","hash":"4fb527c328a1de7d78df2ea1efaec59be03c0444"}
,"C:\\Users\\jim\\Desktop\\Node.js\\node1\\products\\routes\\user.routes.js": {"path":"C:\\Users\\jim\\Desktop\\Node.js\\node1\\products\\routes\\user.routes.js","statementMap":{"0":{"start":{"line":1,"column":16},"end":{"line":1,"column":34}},"1":{"start":{"line":2,"column":15},"end":{"line":2,"column":31}},"2":{"start":{"line":3,"column":23},"end":{"line":3,"column":64}},"3":{"start":{"line":5,"column":0},"end":{"line":5,"column":40}},"4":{"start":{"line":6,"column":0},"end":{"line":6,"column":49}},"5":{"start":{"line":7,"column":0},"end":{"line":7,"column":40}},"6":{"start":{"line":8,"column":0},"end":{"line":8,"column":50}},"7":{"start":{"line":9,"column":0},"end":{"line":9,"column":51}},"8":{"start":{"line":11,"column":0},"end":{"line":11,"column":24}}},"fnMap":{},"branchMap":{},"s":{"0":1,"1":1,"2":1,"3":1,"4":1,"5":1,"6":1,"7":1,"8":1},"f":{},"b":{},"_coverageSchema":"1a1c01bbd47fc00a2c39e90264f33305004495a9","hash":"c1774209f1e7ee7b39621aed6db82633b53cf599"}
,"C:\\Users\\jim\\Desktop\\Node.js\\node1\\products\\services\\user.service.js": {"path":"C:\\Users\\jim\\Desktop\\Node.js\\node1\\products\\services\\user.service.js","statementMap":{"0":{"start":{"line":1,"column":13},"end":{"line":1,"column":44}},"1":{"start":{"line":4,"column":2},"end":{"line":4,"column":41}},"2":{"start":{"line":6,"column":2},"end":{"line":11,"column":3}},"3":{"start":{"line":7,"column":19},"end":{"line":7,"column":65}},"4":{"start":{"line":8,"column":4},"end":{"line":8,"column":21}},"5":{"start":{"line":10,"column":4},"end":{"line":10,"column":57}},"6":{"start":{"line":14,"column":0},"end":{"line":14,"column":42}}},"fnMap":{"0":{"name":"findLastInsertedUser","decl":{"start":{"line":3,"column":15},"end":{"line":3,"column":35}},"loc":{"start":{"line":3,"column":38},"end":{"line":12,"column":1}},"line":3}},"branchMap":{},"s":{"0":1,"1":3,"2":3,"3":3,"4":3,"5":0,"6":1},"f":{"0":3},"b":{},"_coverageSchema":"1a1c01bbd47fc00a2c39e90264f33305004495a9","hash":"51b5073cbbce0ce78bea743d7f57a629f5cf7be2"}
}
