TN:
SF:index.js
FN:9,(anonymous_0)
FN:12,(anonymous_1)
FNF:2
FNH:1
FNDA:3,(anonymous_0)
FNDA:0,(anonymous_1)
DA:1,3
DA:2,3
DA:3,3
DA:4,3
DA:5,3
DA:6,3
DA:8,3
DA:10,3
DA:13,0
DA:17,3
DA:19,3
DA:20,3
DA:21,3
DA:22,3
DA:29,3
DA:30,3
DA:32,3
DA:33,3
DA:35,3
DA:36,3
DA:38,3
LF:21
LH:20
BRF:0
BRH:0
end_of_record
TN:
SF:swagger.js
FNF:0
FNH:0
DA:1,3
DA:2,3
DA:3,3
DA:4,3
DA:5,3
DA:7,3
DA:477,3
LF:7
LH:7
BRF:0
BRH:0
end_of_record
TN:
SF:controllers\product.controller.js
FN:3,(anonymous_0)
FN:14,(anonymous_1)
FN:26,(anonymous_2)
FN:45,(anonymous_3)
FN:71,(anonymous_4)
FNF:5
FNH:5
FNDA:1,(anonymous_0)
FNDA:1,(anonymous_1)
FNDA:1,(anonymous_2)
FNDA:1,(anonymous_3)
FNDA:1,(anonymous_4)
DA:1,3
DA:3,3
DA:4,1
DA:6,1
DA:7,1
DA:8,1
DA:10,0
DA:14,3
DA:15,1
DA:16,1
DA:18,1
DA:19,1
DA:20,1
DA:22,0
DA:26,3
DA:27,1
DA:28,1
DA:30,1
DA:31,1
DA:38,1
DA:39,1
DA:41,0
DA:45,3
DA:46,1
DA:47,1
DA:48,1
DA:50,1
DA:51,1
DA:62,1
DA:63,0
DA:65,1
DA:67,0
DA:71,3
DA:72,1
DA:73,1
DA:75,1
DA:76,1
DA:77,1
DA:78,0
DA:80,1
DA:82,0
LF:41
LH:34
BRDA:54,0,0,1
BRDA:54,0,1,1
BRDA:55,1,0,1
BRDA:55,1,1,1
BRDA:56,2,0,1
BRDA:56,2,1,1
BRDA:57,3,0,1
BRDA:57,3,1,1
BRDA:62,4,0,0
BRDA:62,4,1,1
BRDA:77,5,0,0
BRDA:77,5,1,1
BRF:12
BRH:10
end_of_record
TN:
SF:controllers\user.controller.js
FN:4,(anonymous_0)
FN:17,(anonymous_1)
FN:29,(anonymous_2)
FN:52,(anonymous_3)
FN:78,(anonymous_4)
FNF:5
FNH:5
FNDA:1,(anonymous_0)
FNDA:1,(anonymous_1)
FNDA:3,(anonymous_2)
FNDA:1,(anonymous_3)
FNDA:1,(anonymous_4)
DA:1,3
DA:4,3
DA:5,1
DA:7,1
DA:8,1
DA:10,1
DA:13,0
DA:17,3
DA:18,1
DA:19,1
DA:21,1
DA:22,1
DA:23,1
DA:25,0
DA:29,3
DA:30,3
DA:42,3
DA:44,3
DA:45,3
DA:46,1
DA:48,2
DA:52,3
DA:53,1
DA:54,1
DA:56,1
DA:66,1
DA:67,1
DA:72,1
DA:74,0
DA:78,3
DA:79,1
DA:80,1
DA:82,1
DA:83,1
DA:84,1
DA:86,0
LF:36
LH:32
BRF:0
BRH:0
end_of_record
TN:
SF:controllers\user.product.controller.js
FN:3,(anonymous_0)
FN:14,(anonymous_1)
FN:29,(anonymous_2)
FN:49,(anonymous_3)
FN:70,(anonymous_4)
FN:90,(anonymous_5)
FN:126,(anonymous_6)
FNF:7
FNH:5
FNDA:1,(anonymous_0)
FNDA:1,(anonymous_1)
FNDA:1,(anonymous_2)
FNDA:1,(anonymous_3)
FNDA:1,(anonymous_4)
FNDA:0,(anonymous_5)
FNDA:0,(anonymous_6)
DA:1,3
DA:3,3
DA:4,1
DA:6,1
DA:7,1
DA:8,1
DA:10,0
DA:14,3
DA:15,1
DA:16,1
DA:18,1
DA:19,1
DA:23,1
DA:25,0
DA:29,3
DA:30,1
DA:31,1
DA:32,1
DA:34,1
DA:35,1
DA:43,1
DA:45,0
DA:49,3
DA:50,1
DA:51,1
DA:52,1
DA:53,1
DA:55,1
DA:56,1
DA:64,1
DA:66,0
DA:70,3
DA:71,1
DA:72,1
DA:73,1
DA:75,1
DA:76,1
DA:84,1
DA:86,0
DA:90,3
DA:91,0
DA:93,0
DA:94,0
DA:120,0
DA:122,0
DA:126,3
DA:127,0
DA:128,0
DA:130,0
DA:131,0
DA:158,0
DA:160,0
LF:52
LH:36
BRF:0
BRH:0
end_of_record
TN:
SF:models\product.model.js
FNF:0
FNH:0
DA:1,3
DA:2,3
DA:4,3
DA:33,3
LF:4
LH:4
BRF:0
BRH:0
end_of_record
TN:
SF:models\user.model.js
FNF:0
FNH:0
DA:1,3
DA:2,3
DA:4,3
DA:6,3
DA:14,3
DA:22,3
DA:32,3
DA:79,3
DA:80,3
LF:9
LH:9
BRF:0
BRH:0
end_of_record
TN:
SF:routes\product.routes.js
FNF:0
FNH:0
DA:1,3
DA:2,3
DA:3,3
DA:5,3
DA:6,3
DA:7,3
DA:8,3
DA:9,3
DA:11,3
LF:9
LH:9
BRF:0
BRH:0
end_of_record
TN:
SF:routes\user.product.routes.js
FNF:0
FNH:0
DA:1,3
DA:2,3
DA:3,3
DA:5,3
DA:6,3
DA:7,3
DA:8,3
DA:9,3
DA:10,3
DA:11,3
DA:13,3
LF:11
LH:11
BRF:0
BRH:0
end_of_record
TN:
SF:routes\user.routes.js
FNF:0
FNH:0
DA:1,3
DA:2,3
DA:3,3
DA:5,3
DA:6,3
DA:7,3
DA:8,3
DA:9,3
DA:11,3
LF:9
LH:9
BRF:0
BRH:0
end_of_record
TN:
SF:services\product.service.js
FN:3,findLastInsertedProduct
FNF:1
FNH:1
FNDA:3,findLastInsertedProduct
DA:1,1
DA:4,3
DA:6,3
DA:7,3
DA:8,3
DA:10,0
DA:14,1
LF:7
LH:6
BRF:0
BRH:0
end_of_record
TN:
SF:services\user.service.js
FN:3,findLastInsertedUser
FN:32,findUsersProduct
FNF:2
FNH:2
FNDA:8,findLastInsertedUser
FNDA:1,findUsersProduct
DA:1,2
DA:4,8
DA:6,8
DA:7,8
DA:8,8
DA:10,0
DA:33,1
DA:35,1
DA:36,1
DA:40,1
DA:42,0
DA:43,0
DA:47,2
LF:13
LH:10
BRF:0
BRH:0
end_of_record
