TN:
SF:index.js
FN:9,(anonymous_0)
FN:12,(anonymous_1)
FNF:2
FNH:1
FNDA:2,(anonymous_0)
FNDA:0,(anonymous_1)
DA:1,2
DA:2,2
DA:3,2
DA:4,2
DA:5,2
DA:6,2
DA:8,2
DA:10,2
DA:13,0
DA:17,2
DA:19,2
DA:20,2
DA:21,2
DA:22,2
DA:29,2
DA:30,2
DA:32,2
DA:33,2
DA:35,2
DA:36,2
DA:38,2
LF:21
LH:20
BRF:0
BRH:0
end_of_record
TN:
SF:swagger.js
FNF:0
FNH:0
DA:1,2
DA:2,2
DA:3,2
DA:4,2
DA:5,2
DA:7,2
DA:477,2
LF:7
LH:7
BRF:0
BRH:0
end_of_record
TN:
SF:controllers\product.controller.js
FN:3,(anonymous_0)
FN:14,(anonymous_1)
FN:26,(anonymous_2)
FN:45,(anonymous_3)
FN:71,(anonymous_4)
FNF:5
FNH:4
FNDA:1,(anonymous_0)
FNDA:1,(anonymous_1)
FNDA:1,(anonymous_2)
FNDA:1,(anonymous_3)
FNDA:0,(anonymous_4)
DA:1,2
DA:3,2
DA:4,1
DA:6,1
DA:7,1
DA:8,1
DA:10,0
DA:14,2
DA:15,1
DA:16,1
DA:18,1
DA:19,1
DA:20,1
DA:22,0
DA:26,2
DA:27,1
DA:28,1
DA:30,1
DA:31,1
DA:38,1
DA:39,1
DA:41,0
DA:45,2
DA:46,1
DA:47,1
DA:48,1
DA:50,1
DA:51,1
DA:62,1
DA:63,0
DA:65,1
DA:67,0
DA:71,2
DA:72,0
DA:73,0
DA:75,0
DA:76,0
DA:77,0
DA:78,0
DA:80,0
DA:82,0
LF:41
LH:28
BRDA:54,0,0,1
BRDA:54,0,1,1
BRDA:55,1,0,1
BRDA:55,1,1,1
BRDA:56,2,0,1
BRDA:56,2,1,1
BRDA:57,3,0,1
BRDA:57,3,1,1
BRDA:62,4,0,0
BRDA:62,4,1,1
BRDA:77,5,0,0
BRDA:77,5,1,0
BRF:12
BRH:9
end_of_record
TN:
SF:controllers\user.controller.js
FN:4,(anonymous_0)
FN:17,(anonymous_1)
FN:29,(anonymous_2)
FN:52,(anonymous_3)
FN:77,(anonymous_4)
FNF:5
FNH:5
FNDA:1,(anonymous_0)
FNDA:1,(anonymous_1)
FNDA:3,(anonymous_2)
FNDA:1,(anonymous_3)
FNDA:2,(anonymous_4)
DA:1,2
DA:4,2
DA:5,1
DA:7,1
DA:8,1
DA:10,0
DA:13,1
DA:17,2
DA:18,1
DA:19,1
DA:21,1
DA:22,1
DA:23,1
DA:25,0
DA:29,2
DA:30,3
DA:42,3
DA:44,3
DA:45,3
DA:46,1
DA:48,2
DA:52,2
DA:53,1
DA:54,1
DA:56,1
DA:66,1
DA:67,1
DA:71,0
DA:73,1
DA:77,2
DA:78,2
DA:79,2
DA:81,2
DA:82,2
DA:83,2
DA:85,0
LF:36
LH:32
BRF:0
BRH:0
end_of_record
TN:
SF:controllers\user.product.controller.js
FN:3,(anonymous_0)
FN:14,(anonymous_1)
FN:29,(anonymous_2)
FN:49,(anonymous_3)
FN:70,(anonymous_4)
FN:90,(anonymous_5)
FN:126,(anonymous_6)
FNF:7
FNH:0
FNDA:0,(anonymous_0)
FNDA:0,(anonymous_1)
FNDA:0,(anonymous_2)
FNDA:0,(anonymous_3)
FNDA:0,(anonymous_4)
FNDA:0,(anonymous_5)
FNDA:0,(anonymous_6)
DA:1,2
DA:3,2
DA:4,0
DA:6,0
DA:7,0
DA:8,0
DA:10,0
DA:14,2
DA:15,0
DA:16,0
DA:18,0
DA:19,0
DA:23,0
DA:25,0
DA:29,2
DA:30,0
DA:31,0
DA:32,0
DA:34,0
DA:35,0
DA:43,0
DA:45,0
DA:49,2
DA:50,0
DA:51,0
DA:52,0
DA:53,0
DA:55,0
DA:56,0
DA:64,0
DA:66,0
DA:70,2
DA:71,0
DA:72,0
DA:73,0
DA:75,0
DA:76,0
DA:84,0
DA:86,0
DA:90,2
DA:91,0
DA:93,0
DA:94,0
DA:120,0
DA:122,0
DA:126,2
DA:127,0
DA:128,0
DA:130,0
DA:131,0
DA:158,0
DA:160,0
LF:52
LH:8
BRF:0
BRH:0
end_of_record
TN:
SF:models\product.model.js
FNF:0
FNH:0
DA:1,2
DA:2,2
DA:4,2
DA:33,2
LF:4
LH:4
BRF:0
BRH:0
end_of_record
TN:
SF:models\user.model.js
FNF:0
FNH:0
DA:1,2
DA:2,2
DA:4,2
DA:6,2
DA:14,2
DA:22,2
DA:32,2
DA:79,2
DA:80,2
LF:9
LH:9
BRF:0
BRH:0
end_of_record
TN:
SF:routes\product.routes.js
FNF:0
FNH:0
DA:1,2
DA:2,2
DA:3,2
DA:5,2
DA:6,2
DA:7,2
DA:8,2
DA:9,2
DA:11,2
LF:9
LH:9
BRF:0
BRH:0
end_of_record
TN:
SF:routes\user.product.routes.js
FNF:0
FNH:0
DA:1,2
DA:2,2
DA:3,2
DA:5,2
DA:6,2
DA:7,2
DA:8,2
DA:9,2
DA:10,2
DA:11,2
DA:13,2
LF:11
LH:11
BRF:0
BRH:0
end_of_record
TN:
SF:routes\user.routes.js
FNF:0
FNH:0
DA:1,2
DA:2,2
DA:3,2
DA:5,2
DA:6,2
DA:7,2
DA:8,2
DA:9,2
DA:11,2
LF:9
LH:9
BRF:0
BRH:0
end_of_record
TN:
SF:services\product.service.js
FN:3,findLastInsertedProduct
FNF:1
FNH:1
FNDA:3,findLastInsertedProduct
DA:1,1
DA:4,3
DA:6,3
DA:7,3
DA:8,3
DA:10,0
DA:14,1
LF:7
LH:6
BRF:0
BRH:0
end_of_record
TN:
SF:services\user.service.js
FN:3,findLastInsertedUser
FNF:1
FNH:1
FNDA:3,findLastInsertedUser
DA:1,1
DA:4,3
DA:6,3
DA:7,3
DA:8,3
DA:10,0
DA:14,1
LF:7
LH:6
BRF:0
BRH:0
end_of_record
